2025-09-18 13:32:24,001 - INFO - 开始同步商品数据到StyleCodeData模型 - 2025-09-18 13:32:24
2025-09-18 13:32:24,063 - DEBUG - (0.016) 
                SELECT VERSION(),
                       @@sql_mode,
                       @@default_storage_engine,
                       @@sql_auto_is_null,
                       @@lower_case_table_names,
                       CONVERT_TZ('2001-01-01 01:00:00', 'UTC', 'UTC') IS NOT NULL
            ; args=None
2025-09-18 13:32:24,079 - DEBUG - (0.016) SET SESSION TRANSACTION ISOLATION LEVEL READ COMMITTED; args=None
2025-09-18 13:32:24,088 - DEBUG - (0.000) SELECT COUNT(*) FROM (SELECT DISTINCT `Commodity_data`.`style_code` AS Col1 FROM `Commodity_data`) subquery; args=()
2025-09-18 13:32:24,090 - INFO - 找到 15 个唯一的款式编码
2025-09-18 13:32:24,099 - DEBUG - (0.000) SELECT DISTINCT `Commodity_data`.`style_code` FROM `Commodity_data`; args=()
2025-09-18 13:32:24,110 - DEBUG - (0.016) SELECT `Commodity_data`.`commodity_id`, `Commodity_data`.`name`, `Commodity_data`.`style_code`, `Commodity_data`.`category`, `Commodity_data`.`category_detail`, `Commodity_data`.`price`, `Commodity_data`.`image`, `Commodity_data`.`promo_image`, `Commodity_data`.`size`, `Commodity_data`.`color`, `Commodity_data`.`height`, `Commodity_data`.`spec_code`, `Commodity_data`.`color_image`, `Commodity_data`.`created_at`, `Commodity_data`.`notes` FROM `Commodity_data` WHERE `Commodity_data`.`style_code` = 'C05G4005A' ORDER BY `Commodity_data`.`commodity_id` ASC LIMIT 1; args=('C05G4005A',)
2025-09-18 13:32:24,124 - DEBUG - (0.015) None; args=('C05G4005A',)
2025-09-18 13:32:24,124 - ERROR - 同步过程中发生错误: (1146, "Table 'wechat_member.stylecode_data' doesn't exist")
Traceback (most recent call last):
  File "D:\Anaconda3\lib\site-packages\django\db\backends\utils.py", line 84, in _execute
    return self.cursor.execute(sql, params)
  File "D:\Anaconda3\lib\site-packages\django\db\backends\mysql\base.py", line 73, in execute
    return self.cursor.execute(query, args)
  File "D:\Anaconda3\lib\site-packages\pymysql\cursors.py", line 148, in execute
    result = self._query(query)
  File "D:\Anaconda3\lib\site-packages\pymysql\cursors.py", line 310, in _query
    conn.query(q)
  File "D:\Anaconda3\lib\site-packages\pymysql\connections.py", line 548, in query
    self._affected_rows = self._read_query_result(unbuffered=unbuffered)
  File "D:\Anaconda3\lib\site-packages\pymysql\connections.py", line 775, in _read_query_result
    result.read()
  File "D:\Anaconda3\lib\site-packages\pymysql\connections.py", line 1156, in read
    first_packet = self.connection._read_packet()
  File "D:\Anaconda3\lib\site-packages\pymysql\connections.py", line 725, in _read_packet
    packet.raise_for_error()
  File "D:\Anaconda3\lib\site-packages\pymysql\protocol.py", line 221, in raise_for_error
    err.raise_mysql_exception(self._data)
  File "D:\Anaconda3\lib\site-packages\pymysql\err.py", line 143, in raise_mysql_exception
    raise errorclass(errno, errval)
pymysql.err.ProgrammingError: (1146, "Table 'wechat_member.stylecode_data' doesn't exist")

The above exception was the direct cause of the following exception:

Traceback (most recent call last):
  File "sync_style_code_data.py", line 78, in sync_style_code_data
    'price': base_commodity.price
  File "D:\Anaconda3\lib\site-packages\django\db\models\manager.py", line 85, in manager_method
    return getattr(self.get_queryset(), name)(*args, **kwargs)
  File "D:\Anaconda3\lib\site-packages\django\db\models\query.py", line 581, in get_or_create
    return self.get(**kwargs), False
  File "D:\Anaconda3\lib\site-packages\django\db\models\query.py", line 431, in get
    num = len(clone)
  File "D:\Anaconda3\lib\site-packages\django\db\models\query.py", line 262, in __len__
    self._fetch_all()
  File "D:\Anaconda3\lib\site-packages\django\db\models\query.py", line 1324, in _fetch_all
    self._result_cache = list(self._iterable_class(self))
  File "D:\Anaconda3\lib\site-packages\django\db\models\query.py", line 51, in __iter__
    results = compiler.execute_sql(chunked_fetch=self.chunked_fetch, chunk_size=self.chunk_size)
  File "D:\Anaconda3\lib\site-packages\django\db\models\sql\compiler.py", line 1175, in execute_sql
    cursor.execute(sql, params)
  File "D:\Anaconda3\lib\site-packages\django\db\backends\utils.py", line 98, in execute
    return super().execute(sql, params)
  File "D:\Anaconda3\lib\site-packages\django\db\backends\utils.py", line 66, in execute
    return self._execute_with_wrappers(sql, params, many=False, executor=self._execute)
  File "D:\Anaconda3\lib\site-packages\django\db\backends\utils.py", line 75, in _execute_with_wrappers
    return executor(sql, params, many, context)
  File "D:\Anaconda3\lib\site-packages\django\db\backends\utils.py", line 84, in _execute
    return self.cursor.execute(sql, params)
  File "D:\Anaconda3\lib\site-packages\django\db\utils.py", line 90, in __exit__
    raise dj_exc_value.with_traceback(traceback) from exc_value
  File "D:\Anaconda3\lib\site-packages\django\db\backends\utils.py", line 84, in _execute
    return self.cursor.execute(sql, params)
  File "D:\Anaconda3\lib\site-packages\django\db\backends\mysql\base.py", line 73, in execute
    return self.cursor.execute(query, args)
  File "D:\Anaconda3\lib\site-packages\pymysql\cursors.py", line 148, in execute
    result = self._query(query)
  File "D:\Anaconda3\lib\site-packages\pymysql\cursors.py", line 310, in _query
    conn.query(q)
  File "D:\Anaconda3\lib\site-packages\pymysql\connections.py", line 548, in query
    self._affected_rows = self._read_query_result(unbuffered=unbuffered)
  File "D:\Anaconda3\lib\site-packages\pymysql\connections.py", line 775, in _read_query_result
    result.read()
  File "D:\Anaconda3\lib\site-packages\pymysql\connections.py", line 1156, in read
    first_packet = self.connection._read_packet()
  File "D:\Anaconda3\lib\site-packages\pymysql\connections.py", line 725, in _read_packet
    packet.raise_for_error()
  File "D:\Anaconda3\lib\site-packages\pymysql\protocol.py", line 221, in raise_for_error
    err.raise_mysql_exception(self._data)
  File "D:\Anaconda3\lib\site-packages\pymysql\err.py", line 143, in raise_mysql_exception
    raise errorclass(errno, errval)
django.db.utils.ProgrammingError: (1146, "Table 'wechat_member.stylecode_data' doesn't exist")
2025-09-18 13:33:41,160 - INFO - 开始同步商品数据到StyleCodeData模型 - 2025-09-18 13:33:41
2025-09-18 13:33:41,235 - DEBUG - (0.016) 
                SELECT VERSION(),
                       @@sql_mode,
                       @@default_storage_engine,
                       @@sql_auto_is_null,
                       @@lower_case_table_names,
                       CONVERT_TZ('2001-01-01 01:00:00', 'UTC', 'UTC') IS NOT NULL
            ; args=None
2025-09-18 13:33:41,255 - DEBUG - (0.000) SET SESSION TRANSACTION ISOLATION LEVEL READ COMMITTED; args=None
2025-09-18 13:33:41,272 - DEBUG - (0.016) SELECT COUNT(*) FROM (SELECT DISTINCT `Commodity_data`.`style_code` AS Col1 FROM `Commodity_data`) subquery; args=()
2025-09-18 13:33:41,276 - INFO - 找到 15 个唯一的款式编码
2025-09-18 13:33:41,289 - DEBUG - (0.000) SELECT DISTINCT `Commodity_data`.`style_code` FROM `Commodity_data`; args=()
2025-09-18 13:33:41,307 - DEBUG - (0.000) SELECT `Commodity_data`.`commodity_id`, `Commodity_data`.`name`, `Commodity_data`.`style_code`, `Commodity_data`.`category`, `Commodity_data`.`category_detail`, `Commodity_data`.`price`, `Commodity_data`.`image`, `Commodity_data`.`promo_image`, `Commodity_data`.`size`, `Commodity_data`.`color`, `Commodity_data`.`height`, `Commodity_data`.`spec_code`, `Commodity_data`.`color_image`, `Commodity_data`.`created_at`, `Commodity_data`.`notes` FROM `Commodity_data` WHERE `Commodity_data`.`style_code` = 'C05G4005A' ORDER BY `Commodity_data`.`commodity_id` ASC LIMIT 1; args=('C05G4005A',)
2025-09-18 13:33:41,326 - DEBUG - (0.016) SELECT `StyleCode_Data`.`style_code`, `StyleCode_Data`.`name`, `StyleCode_Data`.`image`, `StyleCode_Data`.`category`, `StyleCode_Data`.`category_detail`, `StyleCode_Data`.`price`, `StyleCode_Data`.`created_at`, `StyleCode_Data`.`updated_at` FROM `StyleCode_Data` WHERE `StyleCode_Data`.`style_code` = 'C05G4005A' LIMIT 21; args=('C05G4005A',)
2025-09-18 13:33:41,347 - DEBUG - (0.015) INSERT INTO `StyleCode_Data` (`style_code`, `name`, `image`, `category`, `category_detail`, `price`, `created_at`, `updated_at`) VALUES ('C05G4005A', '【冬Vol.1】allblu幼岚【玉米绒】儿童连帽卫衣25冬新款男童女童柔软舒适ZY', 'commodities/C05G4005A/C05G4005A.jpg', '卫衣', '冬1', 165.17e0, '2025-09-18 05:33:41.338481', '2025-09-18 05:33:41.338481'); args=('C05G4005A', '【冬Vol.1】allblu幼岚【玉米绒】儿童连帽卫衣25冬新款男童女童柔软舒适ZY', 'commodities/C05G4005A/C05G4005A.jpg', '卫衣', '冬1', 165.17, '2025-09-18 05:33:41.338481', '2025-09-18 05:33:41.338481')
2025-09-18 13:33:41,385 - DEBUG - (0.000) SELECT `Commodity_data`.`commodity_id`, `Commodity_data`.`name`, `Commodity_data`.`style_code`, `Commodity_data`.`category`, `Commodity_data`.`category_detail`, `Commodity_data`.`price`, `Commodity_data`.`image`, `Commodity_data`.`promo_image`, `Commodity_data`.`size`, `Commodity_data`.`color`, `Commodity_data`.`height`, `Commodity_data`.`spec_code`, `Commodity_data`.`color_image`, `Commodity_data`.`created_at`, `Commodity_data`.`notes` FROM `Commodity_data` WHERE `Commodity_data`.`style_code` = 'C05G4090A' ORDER BY `Commodity_data`.`commodity_id` ASC LIMIT 1; args=('C05G4090A',)
2025-09-18 13:33:41,399 - DEBUG - (0.016) SELECT `StyleCode_Data`.`style_code`, `StyleCode_Data`.`name`, `StyleCode_Data`.`image`, `StyleCode_Data`.`category`, `StyleCode_Data`.`category_detail`, `StyleCode_Data`.`price`, `StyleCode_Data`.`created_at`, `StyleCode_Data`.`updated_at` FROM `StyleCode_Data` WHERE `StyleCode_Data`.`style_code` = 'C05G4090A' LIMIT 21; args=('C05G4090A',)
2025-09-18 13:33:41,423 - DEBUG - (0.015) INSERT INTO `StyleCode_Data` (`style_code`, `name`, `image`, `category`, `category_detail`, `price`, `created_at`, `updated_at`) VALUES ('C05G4090A', '【冬Vol.1】allblu幼岚【玉米绒】儿童翻领卫衣A类加绒25冬新款男童女童上衣ZY', 'commodities/C05G4090A/C05G4090A.jpg', '卫衣', '冬1', 165.17e0, '2025-09-18 05:33:41.411369', '2025-09-18 05:33:41.411369'); args=('C05G4090A', '【冬Vol.1】allblu幼岚【玉米绒】儿童翻领卫衣A类加绒25冬新款男童女童上衣ZY', 'commodities/C05G4090A/C05G4090A.jpg', '卫衣', '冬1', 165.17, '2025-09-18 05:33:41.411369', '2025-09-18 05:33:41.411369')
2025-09-18 13:33:41,460 - DEBUG - (0.000) SELECT `Commodity_data`.`commodity_id`, `Commodity_data`.`name`, `Commodity_data`.`style_code`, `Commodity_data`.`category`, `Commodity_data`.`category_detail`, `Commodity_data`.`price`, `Commodity_data`.`image`, `Commodity_data`.`promo_image`, `Commodity_data`.`size`, `Commodity_data`.`color`, `Commodity_data`.`height`, `Commodity_data`.`spec_code`, `Commodity_data`.`color_image`, `Commodity_data`.`created_at`, `Commodity_data`.`notes` FROM `Commodity_data` WHERE `Commodity_data`.`style_code` = 'C06G4056A' ORDER BY `Commodity_data`.`commodity_id` ASC LIMIT 1; args=('C06G4056A',)
2025-09-18 13:33:41,475 - DEBUG - (0.015) SELECT `StyleCode_Data`.`style_code`, `StyleCode_Data`.`name`, `StyleCode_Data`.`image`, `StyleCode_Data`.`category`, `StyleCode_Data`.`category_detail`, `StyleCode_Data`.`price`, `StyleCode_Data`.`created_at`, `StyleCode_Data`.`updated_at` FROM `StyleCode_Data` WHERE `StyleCode_Data`.`style_code` = 'C06G4056A' LIMIT 21; args=('C06G4056A',)
2025-09-18 13:33:41,497 - DEBUG - (0.015) INSERT INTO `StyleCode_Data` (`style_code`, `name`, `image`, `category`, `category_detail`, `price`, `created_at`, `updated_at`) VALUES ('C06G4056A', '【冬Vol.1】allblu幼岚【绵绵衫】儿童毛衣25冬新款男童女童柔软细腻可贴身穿ZY', 'commodities/C06G4056A/C06G4056A.jpg', '毛衣', '冬1', 148.57e0, '2025-09-18 05:33:41.487168', '2025-09-18 05:33:41.487168'); args=('C06G4056A', '【冬Vol.1】allblu幼岚【绵绵衫】儿童毛衣25冬新款男童女童柔软细腻可贴身穿ZY', 'commodities/C06G4056A/C06G4056A.jpg', '毛衣', '冬1', 148.57, '2025-09-18 05:33:41.487168', '2025-09-18 05:33:41.487168')
2025-09-18 13:33:41,535 - DEBUG - (0.016) SELECT `Commodity_data`.`commodity_id`, `Commodity_data`.`name`, `Commodity_data`.`style_code`, `Commodity_data`.`category`, `Commodity_data`.`category_detail`, `Commodity_data`.`price`, `Commodity_data`.`image`, `Commodity_data`.`promo_image`, `Commodity_data`.`size`, `Commodity_data`.`color`, `Commodity_data`.`height`, `Commodity_data`.`spec_code`, `Commodity_data`.`color_image`, `Commodity_data`.`created_at`, `Commodity_data`.`notes` FROM `Commodity_data` WHERE `Commodity_data`.`style_code` = 'C34G4025A' ORDER BY `Commodity_data`.`commodity_id` ASC LIMIT 1; args=('C34G4025A',)
2025-09-18 13:33:41,547 - DEBUG - (0.015) SELECT `StyleCode_Data`.`style_code`, `StyleCode_Data`.`name`, `StyleCode_Data`.`image`, `StyleCode_Data`.`category`, `StyleCode_Data`.`category_detail`, `StyleCode_Data`.`price`, `StyleCode_Data`.`created_at`, `StyleCode_Data`.`updated_at` FROM `StyleCode_Data` WHERE `StyleCode_Data`.`style_code` = 'C34G4025A' LIMIT 21; args=('C34G4025A',)
2025-09-18 13:33:41,576 - DEBUG - (0.016) INSERT INTO `StyleCode_Data` (`style_code`, `name`, `image`, `category`, `category_detail`, `price`, `created_at`, `updated_at`) VALUES ('C34G4025A', '【冬Vol.1】allblu幼岚【玉米绒连帽外套】儿童外套A类25秋新款柔软蓬松保暖ZY', 'commodities/C34G4025A/C34G4025A.jpg', '外套', '冬1', 198.37e0, '2025-09-18 05:33:41.563925', '2025-09-18 05:33:41.563925'); args=('C34G4025A', '【冬Vol.1】allblu幼岚【玉米绒连帽外套】儿童外套A类25秋新款柔软蓬松保暖ZY', 'commodities/C34G4025A/C34G4025A.jpg', '外套', '冬1', 198.37, '2025-09-18 05:33:41.563925', '2025-09-18 05:33:41.563925')
2025-09-18 13:33:41,617 - DEBUG - (0.000) SELECT `Commodity_data`.`commodity_id`, `Commodity_data`.`name`, `Commodity_data`.`style_code`, `Commodity_data`.`category`, `Commodity_data`.`category_detail`, `Commodity_data`.`price`, `Commodity_data`.`image`, `Commodity_data`.`promo_image`, `Commodity_data`.`size`, `Commodity_data`.`color`, `Commodity_data`.`height`, `Commodity_data`.`spec_code`, `Commodity_data`.`color_image`, `Commodity_data`.`created_at`, `Commodity_data`.`notes` FROM `Commodity_data` WHERE `Commodity_data`.`style_code` = 'C36G3028A' ORDER BY `Commodity_data`.`commodity_id` ASC LIMIT 1; args=('C36G3028A',)
2025-09-18 13:33:41,634 - DEBUG - (0.000) SELECT `StyleCode_Data`.`style_code`, `StyleCode_Data`.`name`, `StyleCode_Data`.`image`, `StyleCode_Data`.`category`, `StyleCode_Data`.`category_detail`, `StyleCode_Data`.`price`, `StyleCode_Data`.`created_at`, `StyleCode_Data`.`updated_at` FROM `StyleCode_Data` WHERE `StyleCode_Data`.`style_code` = 'C36G3028A' LIMIT 21; args=('C36G3028A',)
2025-09-18 13:33:41,662 - DEBUG - (0.016) INSERT INTO `StyleCode_Data` (`style_code`, `name`, `image`, `category`, `category_detail`, `price`, `created_at`, `updated_at`) VALUES ('C36G3028A', '【秋Vol.5】allblu幼岚【聪明叠穿】空气绒外套A类25秋新款男女童轻暖无静电ZY', 'commodities/C36G3028A/C36G3028A.jpg', '外套', '秋5', 169.0e0, '2025-09-18 05:33:41.651558', '2025-09-18 05:33:41.651558'); args=('C36G3028A', '【秋Vol.5】allblu幼岚【聪明叠穿】空气绒外套A类25秋新款男女童轻暖无静电ZY', 'commodities/C36G3028A/C36G3028A.jpg', '外套', '秋5', 169.0, '2025-09-18 05:33:41.651558', '2025-09-18 05:33:41.651558')
2025-09-18 13:33:41,708 - DEBUG - (0.016) SELECT `Commodity_data`.`commodity_id`, `Commodity_data`.`name`, `Commodity_data`.`style_code`, `Commodity_data`.`category`, `Commodity_data`.`category_detail`, `Commodity_data`.`price`, `Commodity_data`.`image`, `Commodity_data`.`promo_image`, `Commodity_data`.`size`, `Commodity_data`.`color`, `Commodity_data`.`height`, `Commodity_data`.`spec_code`, `Commodity_data`.`color_image`, `Commodity_data`.`created_at`, `Commodity_data`.`notes` FROM `Commodity_data` WHERE `Commodity_data`.`style_code` = 'M14G3324A' ORDER BY `Commodity_data`.`commodity_id` ASC LIMIT 1; args=('M14G3324A',)
2025-09-18 13:33:41,726 - DEBUG - (0.000) SELECT `StyleCode_Data`.`style_code`, `StyleCode_Data`.`name`, `StyleCode_Data`.`image`, `StyleCode_Data`.`category`, `StyleCode_Data`.`category_detail`, `StyleCode_Data`.`price`, `StyleCode_Data`.`created_at`, `StyleCode_Data`.`updated_at` FROM `StyleCode_Data` WHERE `StyleCode_Data`.`style_code` = 'M14G3324A' LIMIT 21; args=('M14G3324A',)
2025-09-18 13:33:41,750 - DEBUG - (0.015) INSERT INTO `StyleCode_Data` (`style_code`, `name`, `image`, `category`, `category_detail`, `price`, `created_at`, `updated_at`) VALUES ('M14G3324A', 'allblu幼岚男装【16小时裤】\"保暖又轻盈\"一体绒长裤｜挺括有型ZY', 'commodities/M14G3324A/M14G3324A.jpg', '长裤', '冬成人线', 479.0e0, '2025-09-18 05:33:41.737000', '2025-09-18 05:33:41.737000'); args=('M14G3324A', 'allblu幼岚男装【16小时裤】"保暖又轻盈"一体绒长裤｜挺括有型ZY', 'commodities/M14G3324A/M14G3324A.jpg', '长裤', '冬成人线', 479.0, '2025-09-18 05:33:41.737000', '2025-09-18 05:33:41.737000')
2025-09-18 13:33:41,786 - DEBUG - (0.016) SELECT `Commodity_data`.`commodity_id`, `Commodity_data`.`name`, `Commodity_data`.`style_code`, `Commodity_data`.`category`, `Commodity_data`.`category_detail`, `Commodity_data`.`price`, `Commodity_data`.`image`, `Commodity_data`.`promo_image`, `Commodity_data`.`size`, `Commodity_data`.`color`, `Commodity_data`.`height`, `Commodity_data`.`spec_code`, `Commodity_data`.`color_image`, `Commodity_data`.`created_at`, `Commodity_data`.`notes` FROM `Commodity_data` WHERE `Commodity_data`.`style_code` = 'M14G3328A' ORDER BY `Commodity_data`.`commodity_id` ASC LIMIT 1; args=('M14G3328A',)
2025-09-18 13:33:41,803 - DEBUG - (0.015) SELECT `StyleCode_Data`.`style_code`, `StyleCode_Data`.`name`, `StyleCode_Data`.`image`, `StyleCode_Data`.`category`, `StyleCode_Data`.`category_detail`, `StyleCode_Data`.`price`, `StyleCode_Data`.`created_at`, `StyleCode_Data`.`updated_at` FROM `StyleCode_Data` WHERE `StyleCode_Data`.`style_code` = 'M14G3328A' LIMIT 21; args=('M14G3328A',)
2025-09-18 13:33:41,826 - DEBUG - (0.016) INSERT INTO `StyleCode_Data` (`style_code`, `name`, `image`, `category`, `category_detail`, `price`, `created_at`, `updated_at`) VALUES ('M14G3328A', 'allblu幼岚男装\"兼顾柔软与筋骨的得体与温暖\"机能羊毛男士西裤ZY', 'commodities/M14G3328A/M14G3328A.jpg', '长裤', '冬成人线', 799.0e0, '2025-09-18 05:33:41.815511', '2025-09-18 05:33:41.815511'); args=('M14G3328A', 'allblu幼岚男装"兼顾柔软与筋骨的得体与温暖"机能羊毛男士西裤ZY', 'commodities/M14G3328A/M14G3328A.jpg', '长裤', '冬成人线', 799.0, '2025-09-18 05:33:41.815511', '2025-09-18 05:33:41.815511')
2025-09-18 13:33:41,866 - DEBUG - (0.016) SELECT `Commodity_data`.`commodity_id`, `Commodity_data`.`name`, `Commodity_data`.`style_code`, `Commodity_data`.`category`, `Commodity_data`.`category_detail`, `Commodity_data`.`price`, `Commodity_data`.`image`, `Commodity_data`.`promo_image`, `Commodity_data`.`size`, `Commodity_data`.`color`, `Commodity_data`.`height`, `Commodity_data`.`spec_code`, `Commodity_data`.`color_image`, `Commodity_data`.`created_at`, `Commodity_data`.`notes` FROM `Commodity_data` WHERE `Commodity_data`.`style_code` = 'M36G3318A' ORDER BY `Commodity_data`.`commodity_id` ASC LIMIT 1; args=('M36G3318A',)
2025-09-18 13:33:41,876 - DEBUG - (0.015) SELECT `StyleCode_Data`.`style_code`, `StyleCode_Data`.`name`, `StyleCode_Data`.`image`, `StyleCode_Data`.`category`, `StyleCode_Data`.`category_detail`, `StyleCode_Data`.`price`, `StyleCode_Data`.`created_at`, `StyleCode_Data`.`updated_at` FROM `StyleCode_Data` WHERE `StyleCode_Data`.`style_code` = 'M36G3318A' LIMIT 21; args=('M36G3318A',)
2025-09-18 13:33:41,904 - DEBUG - (0.016) INSERT INTO `StyleCode_Data` (`style_code`, `name`, `image`, `category`, `category_detail`, `price`, `created_at`, `updated_at`) VALUES ('M36G3318A', 'allblu幼岚男装【厚版空气绒】\"像羊绒一样又轻又暖\"男士保暖外套ZY', 'commodities/M36G3318A/M36G3318A.jpg', '外套', '冬成人线', 499.0e0, '2025-09-18 05:33:41.892825', '2025-09-18 05:33:41.892825'); args=('M36G3318A', 'allblu幼岚男装【厚版空气绒】"像羊绒一样又轻又暖"男士保暖外套ZY', 'commodities/M36G3318A/M36G3318A.jpg', '外套', '冬成人线', 499.0, '2025-09-18 05:33:41.892825', '2025-09-18 05:33:41.892825')
2025-09-18 13:33:41,942 - DEBUG - (0.016) SELECT `Commodity_data`.`commodity_id`, `Commodity_data`.`name`, `Commodity_data`.`style_code`, `Commodity_data`.`category`, `Commodity_data`.`category_detail`, `Commodity_data`.`price`, `Commodity_data`.`image`, `Commodity_data`.`promo_image`, `Commodity_data`.`size`, `Commodity_data`.`color`, `Commodity_data`.`height`, `Commodity_data`.`spec_code`, `Commodity_data`.`color_image`, `Commodity_data`.`created_at`, `Commodity_data`.`notes` FROM `Commodity_data` WHERE `Commodity_data`.`style_code` = 'W05G3330A' ORDER BY `Commodity_data`.`commodity_id` ASC LIMIT 1; args=('W05G3330A',)
2025-09-18 13:33:41,953 - DEBUG - (0.016) SELECT `StyleCode_Data`.`style_code`, `StyleCode_Data`.`name`, `StyleCode_Data`.`image`, `StyleCode_Data`.`category`, `StyleCode_Data`.`category_detail`, `StyleCode_Data`.`price`, `StyleCode_Data`.`created_at`, `StyleCode_Data`.`updated_at` FROM `StyleCode_Data` WHERE `StyleCode_Data`.`style_code` = 'W05G3330A' LIMIT 21; args=('W05G3330A',)
2025-09-18 13:33:41,977 - DEBUG - (0.000) INSERT INTO `StyleCode_Data` (`style_code`, `name`, `image`, `category`, `category_detail`, `price`, `created_at`, `updated_at`) VALUES ('W05G3330A', 'allblu幼岚女装【空气呢】\"大衣般质感廓形\"廓形卫衣｜柔软舒适', 'commodities/W05G3330A/W05G3330A.jpg', '卫衣', '冬成人线', 599.0e0, '2025-09-18 05:33:41.968706', '2025-09-18 05:33:41.968706'); args=('W05G3330A', 'allblu幼岚女装【空气呢】"大衣般质感廓形"廓形卫衣｜柔软舒适', 'commodities/W05G3330A/W05G3330A.jpg', '卫衣', '冬成人线', 599.0, '2025-09-18 05:33:41.968706', '2025-09-18 05:33:41.968706')
2025-09-18 13:33:42,016 - DEBUG - (0.016) SELECT `Commodity_data`.`commodity_id`, `Commodity_data`.`name`, `Commodity_data`.`style_code`, `Commodity_data`.`category`, `Commodity_data`.`category_detail`, `Commodity_data`.`price`, `Commodity_data`.`image`, `Commodity_data`.`promo_image`, `Commodity_data`.`size`, `Commodity_data`.`color`, `Commodity_data`.`height`, `Commodity_data`.`spec_code`, `Commodity_data`.`color_image`, `Commodity_data`.`created_at`, `Commodity_data`.`notes` FROM `Commodity_data` WHERE `Commodity_data`.`style_code` = 'W14G3349A' ORDER BY `Commodity_data`.`commodity_id` ASC LIMIT 1; args=('W14G3349A',)
2025-09-18 13:33:42,029 - DEBUG - (0.016) SELECT `StyleCode_Data`.`style_code`, `StyleCode_Data`.`name`, `StyleCode_Data`.`image`, `StyleCode_Data`.`category`, `StyleCode_Data`.`category_detail`, `StyleCode_Data`.`price`, `StyleCode_Data`.`created_at`, `StyleCode_Data`.`updated_at` FROM `StyleCode_Data` WHERE `StyleCode_Data`.`style_code` = 'W14G3349A' LIMIT 21; args=('W14G3349A',)
2025-09-18 13:33:42,056 - DEBUG - (0.000) INSERT INTO `StyleCode_Data` (`style_code`, `name`, `image`, `category`, `category_detail`, `price`, `created_at`, `updated_at`) VALUES ('W14G3349A', 'allblu幼岚女装【空气呢】\"兼顾柔软舒适与挺括有型\"女士阔腿裤', 'commodities/W14G3349A/W14G3349A.jpg', '长裤', '冬成人线', 499.0e0, '2025-09-18 05:33:42.045274', '2025-09-18 05:33:42.045274'); args=('W14G3349A', 'allblu幼岚女装【空气呢】"兼顾柔软舒适与挺括有型"女士阔腿裤', 'commodities/W14G3349A/W14G3349A.jpg', '长裤', '冬成人线', 499.0, '2025-09-18 05:33:42.045274', '2025-09-18 05:33:42.045274')
2025-09-18 13:33:42,090 - DEBUG - (0.015) SELECT `Commodity_data`.`commodity_id`, `Commodity_data`.`name`, `Commodity_data`.`style_code`, `Commodity_data`.`category`, `Commodity_data`.`category_detail`, `Commodity_data`.`price`, `Commodity_data`.`image`, `Commodity_data`.`promo_image`, `Commodity_data`.`size`, `Commodity_data`.`color`, `Commodity_data`.`height`, `Commodity_data`.`spec_code`, `Commodity_data`.`color_image`, `Commodity_data`.`created_at`, `Commodity_data`.`notes` FROM `Commodity_data` WHERE `Commodity_data`.`style_code` = 'W14G3353A' ORDER BY `Commodity_data`.`commodity_id` ASC LIMIT 1; args=('W14G3353A',)
2025-09-18 13:33:42,115 - DEBUG - (0.016) SELECT `StyleCode_Data`.`style_code`, `StyleCode_Data`.`name`, `StyleCode_Data`.`image`, `StyleCode_Data`.`category`, `StyleCode_Data`.`category_detail`, `StyleCode_Data`.`price`, `StyleCode_Data`.`created_at`, `StyleCode_Data`.`updated_at` FROM `StyleCode_Data` WHERE `StyleCode_Data`.`style_code` = 'W14G3353A' LIMIT 21; args=('W14G3353A',)
2025-09-18 13:33:42,145 - DEBUG - (0.016) INSERT INTO `StyleCode_Data` (`style_code`, `name`, `image`, `category`, `category_detail`, `price`, `created_at`, `updated_at`) VALUES ('W14G3353A', 'allblu幼岚女装【桉树羊毛】\"柔软与廓形兼得\"直筒裤｜柔软挺括ZY', 'commodities/W14G3353A/W14G3353A.jpg', '长裤', '冬成人线', 899.0e0, '2025-09-18 05:33:42.132845', '2025-09-18 05:33:42.132845'); args=('W14G3353A', 'allblu幼岚女装【桉树羊毛】"柔软与廓形兼得"直筒裤｜柔软挺括ZY', 'commodities/W14G3353A/W14G3353A.jpg', '长裤', '冬成人线', 899.0, '2025-09-18 05:33:42.132845', '2025-09-18 05:33:42.132845')
2025-09-18 13:33:42,180 - DEBUG - (0.000) SELECT `Commodity_data`.`commodity_id`, `Commodity_data`.`name`, `Commodity_data`.`style_code`, `Commodity_data`.`category`, `Commodity_data`.`category_detail`, `Commodity_data`.`price`, `Commodity_data`.`image`, `Commodity_data`.`promo_image`, `Commodity_data`.`size`, `Commodity_data`.`color`, `Commodity_data`.`height`, `Commodity_data`.`spec_code`, `Commodity_data`.`color_image`, `Commodity_data`.`created_at`, `Commodity_data`.`notes` FROM `Commodity_data` WHERE `Commodity_data`.`style_code` = 'W16G3350A' ORDER BY `Commodity_data`.`commodity_id` ASC LIMIT 1; args=('W16G3350A',)
2025-09-18 13:33:42,194 - DEBUG - (0.000) SELECT `StyleCode_Data`.`style_code`, `StyleCode_Data`.`name`, `StyleCode_Data`.`image`, `StyleCode_Data`.`category`, `StyleCode_Data`.`category_detail`, `StyleCode_Data`.`price`, `StyleCode_Data`.`created_at`, `StyleCode_Data`.`updated_at` FROM `StyleCode_Data` WHERE `StyleCode_Data`.`style_code` = 'W16G3350A' LIMIT 21; args=('W16G3350A',)
2025-09-18 13:33:42,219 - DEBUG - (0.015) INSERT INTO `StyleCode_Data` (`style_code`, `name`, `image`, `category`, `category_detail`, `price`, `created_at`, `updated_at`) VALUES ('W16G3350A', '【冬Vol.0】allblu幼岚女装【舒服牛仔】\"站着有型，坐着放松“抓绒萝卜裤ZY', 'commodities/W16G3350A/W16G3350A.jpg', '长裤', '冬成人线', 429.0e0, '2025-09-18 05:33:42.208815', '2025-09-18 05:33:42.208815'); args=('W16G3350A', '【冬Vol.0】allblu幼岚女装【舒服牛仔】"站着有型，坐着放松“抓绒萝卜裤ZY', 'commodities/W16G3350A/W16G3350A.jpg', '长裤', '冬成人线', 429.0, '2025-09-18 05:33:42.208815', '2025-09-18 05:33:42.208815')
2025-09-18 13:33:42,253 - DEBUG - (0.015) SELECT `Commodity_data`.`commodity_id`, `Commodity_data`.`name`, `Commodity_data`.`style_code`, `Commodity_data`.`category`, `Commodity_data`.`category_detail`, `Commodity_data`.`price`, `Commodity_data`.`image`, `Commodity_data`.`promo_image`, `Commodity_data`.`size`, `Commodity_data`.`color`, `Commodity_data`.`height`, `Commodity_data`.`spec_code`, `Commodity_data`.`color_image`, `Commodity_data`.`created_at`, `Commodity_data`.`notes` FROM `Commodity_data` WHERE `Commodity_data`.`style_code` = 'W16G3351A' ORDER BY `Commodity_data`.`commodity_id` ASC LIMIT 1; args=('W16G3351A',)
2025-09-18 13:33:42,264 - DEBUG - (0.016) SELECT `StyleCode_Data`.`style_code`, `StyleCode_Data`.`name`, `StyleCode_Data`.`image`, `StyleCode_Data`.`category`, `StyleCode_Data`.`category_detail`, `StyleCode_Data`.`price`, `StyleCode_Data`.`created_at`, `StyleCode_Data`.`updated_at` FROM `StyleCode_Data` WHERE `StyleCode_Data`.`style_code` = 'W16G3351A' LIMIT 21; args=('W16G3351A',)
2025-09-18 13:33:42,285 - DEBUG - (0.016) INSERT INTO `StyleCode_Data` (`style_code`, `name`, `image`, `category`, `category_detail`, `price`, `created_at`, `updated_at`) VALUES ('W16G3351A', 'allblu幼岚女装【舒服牛仔】\"站着有型，坐着放松\"女士抓绒阔腿裤', 'commodities/W16G3351A/W16G3351A.jpg', '长裤', '冬成人线', 429.0e0, '2025-09-18 05:33:42.275246', '2025-09-18 05:33:42.275246'); args=('W16G3351A', 'allblu幼岚女装【舒服牛仔】"站着有型，坐着放松"女士抓绒阔腿裤', 'commodities/W16G3351A/W16G3351A.jpg', '长裤', '冬成人线', 429.0, '2025-09-18 05:33:42.275246', '2025-09-18 05:33:42.275246')
2025-09-18 13:33:42,318 - DEBUG - (0.016) SELECT `Commodity_data`.`commodity_id`, `Commodity_data`.`name`, `Commodity_data`.`style_code`, `Commodity_data`.`category`, `Commodity_data`.`category_detail`, `Commodity_data`.`price`, `Commodity_data`.`image`, `Commodity_data`.`promo_image`, `Commodity_data`.`size`, `Commodity_data`.`color`, `Commodity_data`.`height`, `Commodity_data`.`spec_code`, `Commodity_data`.`color_image`, `Commodity_data`.`created_at`, `Commodity_data`.`notes` FROM `Commodity_data` WHERE `Commodity_data`.`style_code` = 'W34G3328A' ORDER BY `Commodity_data`.`commodity_id` ASC LIMIT 1; args=('W34G3328A',)
2025-09-18 13:33:42,330 - DEBUG - (0.016) SELECT `StyleCode_Data`.`style_code`, `StyleCode_Data`.`name`, `StyleCode_Data`.`image`, `StyleCode_Data`.`category`, `StyleCode_Data`.`category_detail`, `StyleCode_Data`.`price`, `StyleCode_Data`.`created_at`, `StyleCode_Data`.`updated_at` FROM `StyleCode_Data` WHERE `StyleCode_Data`.`style_code` = 'W34G3328A' LIMIT 21; args=('W34G3328A',)
2025-09-18 13:33:42,353 - DEBUG - (0.000) INSERT INTO `StyleCode_Data` (`style_code`, `name`, `image`, `category`, `category_detail`, `price`, `created_at`, `updated_at`) VALUES ('W34G3328A', '【冬Vol.0】allblu幼岚女装“小圈圈微肌理”美丽诺羊毛毛呢外套｜温暖轻盈ZY', 'commodities/W34G3328A/W34G3328A.jpg', '外套', '冬成人线', 999.0e0, '2025-09-18 05:33:42.343377', '2025-09-18 05:33:42.343377'); args=('W34G3328A', '【冬Vol.0】allblu幼岚女装“小圈圈微肌理”美丽诺羊毛毛呢外套｜温暖轻盈ZY', 'commodities/W34G3328A/W34G3328A.jpg', '外套', '冬成人线', 999.0, '2025-09-18 05:33:42.343377', '2025-09-18 05:33:42.343377')
2025-09-18 13:33:42,390 - DEBUG - (0.016) SELECT `Commodity_data`.`commodity_id`, `Commodity_data`.`name`, `Commodity_data`.`style_code`, `Commodity_data`.`category`, `Commodity_data`.`category_detail`, `Commodity_data`.`price`, `Commodity_data`.`image`, `Commodity_data`.`promo_image`, `Commodity_data`.`size`, `Commodity_data`.`color`, `Commodity_data`.`height`, `Commodity_data`.`spec_code`, `Commodity_data`.`color_image`, `Commodity_data`.`created_at`, `Commodity_data`.`notes` FROM `Commodity_data` WHERE `Commodity_data`.`style_code` = 'W34G3364A' ORDER BY `Commodity_data`.`commodity_id` ASC LIMIT 1; args=('W34G3364A',)
2025-09-18 13:33:42,492 - DEBUG - (0.094) SELECT `StyleCode_Data`.`style_code`, `StyleCode_Data`.`name`, `StyleCode_Data`.`image`, `StyleCode_Data`.`category`, `StyleCode_Data`.`category_detail`, `StyleCode_Data`.`price`, `StyleCode_Data`.`created_at`, `StyleCode_Data`.`updated_at` FROM `StyleCode_Data` WHERE `StyleCode_Data`.`style_code` = 'W34G3364A' LIMIT 21; args=('W34G3364A',)
2025-09-18 13:33:42,522 - DEBUG - (0.000) INSERT INTO `StyleCode_Data` (`style_code`, `name`, `image`, `category`, `category_detail`, `price`, `created_at`, `updated_at`) VALUES ('W34G3364A', 'allblu幼岚女装\"精细毛呢质感\"美丽诺羊毛女士细呢开衫｜柔软有型ZY', 'commodities/W34G3364A/W34G3364A.jpg', '外套', '冬成人线', 599.0e0, '2025-09-18 05:33:42.511562', '2025-09-18 05:33:42.511562'); args=('W34G3364A', 'allblu幼岚女装"精细毛呢质感"美丽诺羊毛女士细呢开衫｜柔软有型ZY', 'commodities/W34G3364A/W34G3364A.jpg', '外套', '冬成人线', 599.0, '2025-09-18 05:33:42.511562', '2025-09-18 05:33:42.511562')
2025-09-18 13:33:42,543 - INFO - 处理进度: 15/15 (100.0%)
2025-09-18 13:33:42,546 - INFO - 同步完成 - 2025-09-18 13:33:42
2025-09-18 13:33:42,547 - INFO - 创建记录: 15
2025-09-18 13:33:42,547 - INFO - 更新记录: 0
2025-09-18 13:33:42,548 - INFO - 跳过记录: 0
2025-09-18 13:33:42,549 - INFO - 总处理款式编码: 15
